<?xml version="1.0" encoding="utf-8"?><testsuites name="pytest tests"><testsuite name="pytest" errors="0" failures="0" skipped="0" tests="3" time="11.249" timestamp="2025-07-11T21:16:50.133257-03:00" hostname="DESKTOP-S0OL3BU"><testcase classname="Tests.test_mainweb" name="test_dashboard" time="1.366" /><testcase classname="Tests.test_mainweb" name="test_login" time="5.525" /><testcase classname="Tests.test_mainweb" name="test_compra_dos_productos_iguales" time="1.102" /></testsuite></testsuites>